<?xml version="1.0" encoding="UTF-8"?>
<testsuite name="CalculateTest" tests="1" skipped="0" failures="0" errors="0" timestamp="2024-09-12T07:02:27" hostname="barkos" time="0.026">
  <properties/>
  <testcase name="testPlus()" classname="CalculateTest" time="0.026"/>
  <system-out><![CDATA[]]></system-out>
  <system-err><![CDATA[]]></system-err>
</testsuite>
